<?xml version="1.0" encoding="UTF-8"?>
<testsuite name="ObstaclesTest" tests="1" skipped="0" failures="0" errors="0" timestamp="2022-01-08T20:11:44" hostname="LAPTOP-LMOCJUM2" time="0.311">
  <properties/>
  <testcase name="numberObstacles()" classname="ObstaclesTest" time="0.311"/>
  <system-out><![CDATA[]]></system-out>
  <system-err><![CDATA[]]></system-err>
</testsuite>
