<?xml version="1.0" encoding="UTF-8"?>
<testsuite name="DisplayTest" tests="9" skipped="0" failures="0" errors="0" timestamp="2022-01-09T02:08:20" hostname="LAPTOP-LMOCJUM2" time="1.115">
  <properties/>
  <testcase name="RocketInitialPosition()" classname="DisplayTest" time="0.456"/>
  <testcase name="moveUp()" classname="DisplayTest" time="0.101"/>
  <testcase name="wallPosition()" classname="DisplayTest" time="0.066"/>
  <testcase name="moveDown()" classname="DisplayTest" time="0.095"/>
  <testcase name="numberObstacles1()" classname="DisplayTest" time="0.116"/>
  <testcase name="numberObstacles2()" classname="DisplayTest" time="0.065"/>
  <testcase name="numberObstacles3()" classname="DisplayTest" time="0.054"/>
  <testcase name="numberWalls1()" classname="DisplayTest" time="0.089"/>
  <testcase name="numberWalls2()" classname="DisplayTest" time="0.052"/>
  <system-out><![CDATA[]]></system-out>
  <system-err><![CDATA[]]></system-err>
</testsuite>
