<?xml version="1.0" encoding="UTF-8"?>
<testsuite name="GameTest" tests="2" skipped="0" failures="0" errors="0" timestamp="2022-01-08T19:59:13" hostname="LAPTOP-LMOCJUM2" time="0.381">
  <properties/>
  <testcase name="widthGame()" classname="GameTest" time="0.291"/>
  <testcase name="heightGame()" classname="GameTest" time="0.089"/>
  <system-out><![CDATA[]]></system-out>
  <system-err><![CDATA[]]></system-err>
</testsuite>
