<?xml version="1.0" encoding="UTF-8"?>
<testsuite name="state1.MenuStateTest" tests="4" skipped="0" failures="0" errors="0" timestamp="2022-01-28T19:38:04" hostname="LAPTOP-LMOCJUM2" time="0.433">
  <properties/>
  <testcase name="startTest()" classname="state1.MenuStateTest" time="0.426"/>
  <testcase name="setControllerTest()" classname="state1.MenuStateTest" time="0.003"/>
  <testcase name="stepTest()" classname="state1.MenuStateTest" time="0.002"/>
  <testcase name="getControllerTest()" classname="state1.MenuStateTest" time="0.001"/>
  <system-out><![CDATA[]]></system-out>
  <system-err><![CDATA[]]></system-err>
</testsuite>
