<?xml version="1.0" encoding="UTF-8"?>
<testsuite name="GameTest" tests="4" skipped="0" failures="0" errors="0" timestamp="2022-01-09T00:51:59" hostname="LAPTOP-LMOCJUM2" time="0.27">
  <properties/>
  <testcase name="sizeDisplay1()" classname="GameTest" time="0.06"/>
  <testcase name="sizeGame1()" classname="GameTest" time="0.071"/>
  <testcase name="sizeGame2()" classname="GameTest" time="0.079"/>
  <testcase name="sizeGame3()" classname="GameTest" time="0.055"/>
  <system-out><![CDATA[]]></system-out>
  <system-err><![CDATA[]]></system-err>
</testsuite>
