<?xml version="1.0" encoding="UTF-8"?>
<testsuite name="state.StateTest" tests="2" skipped="0" failures="0" errors="0" timestamp="2022-01-21T01:22:28" hostname="LAPTOP-LMOCJUM2" time="0.492">
  <properties/>
  <testcase name="changeStateTest()" classname="state.StateTest" time="0.488"/>
  <testcase name="GetGameTest()" classname="state.StateTest" time="0.004"/>
  <system-out><![CDATA[]]></system-out>
  <system-err><![CDATA[]]></system-err>
</testsuite>
