<?xml version="1.0" encoding="UTF-8"?>
<testsuite name="state1.InstructionsStateTest" tests="4" skipped="0" failures="0" errors="0" timestamp="2022-01-30T00:13:38" hostname="LAPTOP-LMOCJUM2" time="0.616">
  <properties/>
  <testcase name="testStart()" classname="state1.InstructionsStateTest" time="0.606"/>
  <testcase name="testStep()" classname="state1.InstructionsStateTest" time="0.001"/>
  <testcase name="testGetInstructionsController()" classname="state1.InstructionsStateTest" time="0.004"/>
  <testcase name="testSetInstructionsController()" classname="state1.InstructionsStateTest" time="0.002"/>
  <system-out><![CDATA[]]></system-out>
  <system-err><![CDATA[]]></system-err>
</testsuite>
